
Showing logs for build [32mcb-kubecd-environment-pr-187-15-mc5z5-1[0m stage [32mfrom-build-pack[0m and container [32mstep-credential-initializer-fhdnn[0m
{"level":"warn","ts":1585025900.1587787,"logger":"fallback-logger","caller":"logging/config.go:69","msg":"Fetch GitHub commit ID from kodata failed: \"ref: refs/heads/0.8.0-**-support-backwards-incompats\" is not a valid GitHub commit ID"}
{"level":"info","ts":1585025900.1599302,"logger":"fallback-logger","caller":"creds-init/main.go:40","msg":"Credentials initialized."}

Showing logs for build [32mcb-kubecd-environment-pr-187-15-mc5z5-1[0m stage [32mfrom-build-pack[0m and container [32mstep-working-dir-initializer-t2r9l[0m
{"level":"warn","ts":1585025901.097558,"logger":"fallback-logger","caller":"logging/config.go:69","msg":"Fetch GitHub commit ID from kodata failed: open /var/run/ko/HEAD: no such file or directory"}
{"level":"info","ts":1585025901.1002145,"logger":"fallback-logger","caller":"bash/main.go:64","msg":"Successfully executed command \"sh -c mkdir -p /workspace/source\"; output "}

Showing logs for build [32mcb-kubecd-environment-pr-187-15-mc5z5-1[0m stage [32mfrom-build-pack[0m and container [32mstep-place-tools[0m

Showing logs for build [32mcb-kubecd-environment-pr-187-15-mc5z5-1[0m stage [32mfrom-build-pack[0m and container [32mstep-git-source-cb-kubecd-environment-pr-187-15-mc5z5-mwmpg[0m
{"level":"warn","ts":1585025905.237321,"logger":"fallback-logger","caller":"logging/config.go:69","msg":"Fetch GitHub commit ID from kodata failed: \"ref: refs/heads/0.8.0-**-support-backwards-incompats\" is not a valid GitHub commit ID"}
{"level":"info","ts":1585025906.242724,"logger":"fallback-logger","caller":"git/git.go:103","msg":"Successfully cloned https://github.com/cb-kubecd/environment-pr-187-152-gke-upgrade-production.git @ master in path /workspace/source"}

Showing logs for build [32mcb-kubecd-environment-pr-187-15-mc5z5-1[0m stage [32mfrom-build-pack[0m and container [32mstep-git-merge[0m
Using SHAs from PULL_REFS=master:dbe2188ceff9ddebbe460c69e188eb665a923f8d,1:f50b7347a8d65a90b2f7de8f98fc15c55a6f4da4
DEBUG: LC_ALL=C JX_LOG_LEVEL=error git fetch origin --unshallow f50b7347a8d65a90b2f7de8f98fc15c55a6f4da4: dbe2188ceff9ddebbe460c69e188eb665a923f8d:
DEBUG: ran git fetch --unshallow origin f50b7347a8d65a90b2f7de8f98fc15c55a6f4da4: dbe2188ceff9ddebbe460c69e188eb665a923f8d: in 
DEBUG: LC_ALL=C JX_LOG_LEVEL=error git branch
DEBUG: LC_ALL=C JX_LOG_LEVEL=error git checkout master
DEBUG: ran git checkout master in 
DEBUG: LC_ALL=C JX_LOG_LEVEL=error git reset --hard dbe2188ceff9ddebbe460c69e188eb665a923f8d
DEBUG: ran git reset --hard dbe2188ceff9ddebbe460c69e188eb665a923f8d in 
DEBUG: LC_ALL=C JX_LOG_LEVEL=error git clean -fd .
DEBUG: ran clean --force -d . in 
DEBUG: LC_ALL=C JX_LOG_LEVEL=error git merge f50b7347a8d65a90b2f7de8f98fc15c55a6f4da4
DEBUG: ran git merge f50b7347a8d65a90b2f7de8f98fc15c55a6f4da4 in 
DEBUG: LC_ALL=C JX_LOG_LEVEL=error git log --format=%H%x1f%an%x1f%ae%x1f%cn%x1f%ce%x1f%s%n%b%x1e dbe2188ceff9ddebbe460c69e188eb665a923f8d..HEAD
Merged SHA f50b7347a8d65a90b2f7de8f98fc15c55a6f4da4 with commit message 'chore: Promote bdd-spring-1585024642 to version 0.0.1' into base branch master

Showing logs for build [32mcb-kubecd-environment-pr-187-15-mc5z5-1[0m stage [32mfrom-build-pack[0m and container [32mstep-build-helm-build[0m
WARNING: No $CHART_REPOSITORY defined so using the default value of: http://jenkins-x-chartmuseum:8080
Adding missing Helm repo: storage.googleapis.com https://storage.googleapis.com/chartmuseum.jenkins-x.io
WARNING: No secrets found on "helm/repos" due: reading the secret "helm/repos" from vault: no secret "helm/repos" not found in vault
Read credentials for https://storage.googleapis.com/chartmuseum.jenkins-x.io from vault helm/repos
Successfully added Helm repository storage.googleapis.com.
Adding missing Helm repo: jenkins-x-chartmuseum http://jenkins-x-chartmuseum:8080
WARNING: No secrets found on "helm/repos" due: reading the secret "helm/repos" from vault: no secret "helm/repos" not found in vault
Read credentials for http://jenkins-x-chartmuseum:8080 from vault helm/repos
Successfully added Helm repository jenkins-x-chartmuseum.
WARNING: No $CHART_REPOSITORY defined so using the default value of: http://jenkins-x-chartmuseum:8080
Adding missing Helm repo: chartmuseum.jenkins-x.io http://chartmuseum.jenkins-x.io
WARNING: No secrets found on "helm/repos" due: reading the secret "helm/repos" from vault: no secret "helm/repos" not found in vault
Read credentials for http://chartmuseum.jenkins-x.io from vault helm/repos
Successfully added Helm repository chartmuseum.jenkins-x.io.
